[01m[K<command-line>:[m[K [01;35m[Kwarning: [m[KISO C++11 requires whitespace after the macro name
[01m[K<command-line>:[m[K [01;35m[Kwarning: [m[KISO C++11 requires whitespace after the macro name
Assembler messages:
è‡´å‘½é”™è¯¯ï¼š can't create CMakeFiles/demo.dir/src/demo.cpp.o: æ²¡æœ‰é‚£ä¸ªæ–‡ä»¶æˆ–ç›®å½•
make[2]: *** [CMakeFiles/demo.dir/build.make:82ï¼šCMakeFiles/demo.dir/src/demo.cpp.o] é”™è¯¯ 1
make[1]: *** [CMakeFiles/Makefile2:250ï¼šCMakeFiles/demo.dir/all] é”™è¯¯ 2
make[1]: *** æ­£åœ¨ç­‰å¾…æœªå®Œæˆçš„ä»»åŠ¡....
Assembler messages:
è‡´å‘½é”™è¯¯ï¼š can't create CMakeFiles/ros1_demo.dir/src/bounding_box.cpp.o: æ²¡æœ‰é‚£ä¸ªæ–‡ä»¶æˆ–ç›®å½•
make[2]: *** [CMakeFiles/ros1_demo.dir/build.make:95ï¼šCMakeFiles/ros1_demo.dir/src/bounding_box.cpp.o] é”™è¯¯ 1
make[2]: *** æ­£åœ¨ç­‰å¾…æœªå®Œæˆçš„ä»»åŠ¡....
Assembler messages:
è‡´å‘½é”™è¯¯ï¼š can't create CMakeFiles/ros1_demo.dir/src/ros1_demo.cpp.o: æ²¡æœ‰é‚£ä¸ªæ–‡ä»¶æˆ–ç›®å½•
make[2]: *** [CMakeFiles/ros1_demo.dir/build.make:82ï¼šCMakeFiles/ros1_demo.dir/src/ros1_demo.cpp.o] é”™è¯¯ 1
make[1]: *** [CMakeFiles/Makefile2:361ï¼šCMakeFiles/ros1_demo.dir/all] é”™è¯¯ 2
make: *** [Makefile:160ï¼šall] é”™è¯¯ 2
